# JRE version: OpenJDK Runtime Environment (Zulu 8.62.0.19-CA-linux64) (8.0_332-b09) (build 1.8.0_332-b09)
# Java VM: OpenJDK 64-Bit Server VM (25.332-b09 mixed mode linux-amd64 compressed oops)
Heap:
 PSYoungGen      total 194048K, used 74835K [0x00000000f0000000, 0x0000000100000000, 0x0000000100000000)
  eden space 135168K, 11% used [0x00000000f0000000,0x00000000f0fc9ec0,0x00000000f8400000)
  from space 58880K, 99% used [0x00000000f8400000,0x00000000fbd4b068,0x00000000fbd80000)
  to   space 68096K, 0% used [0x00000000fbd80000,0x00000000fbd80000,0x0000000100000000)
 ParOldGen       total 524288K, used 71694K [0x00000000d0000000, 0x00000000f0000000, 0x00000000f0000000)
  object space 524288K, 13% used [0x00000000d0000000,0x00000000d4603ac8,0x00000000f0000000)
 Metaspace       used 75591K, capacity 79536K, committed 79704K, reserved 1118208K
  class space    used 9895K, capacity 11090K, committed 11096K, reserved 1048576K
GC Heap History (10 events):
Event: 23.600 GC heap before
{Heap before GC invocations=28 (full 3):
 PSYoungGen      total 212992K, used 211245K [0x00000000f0000000, 0x0000000100000000, 0x0000000100000000)
  eden space 173056K, 100% used [0x00000000f0000000,0x00000000fa900000,0x00000000fa900000)
  from space 39936K, 95% used [0x00000000fd900000,0x00000000ffe4b7a0,0x0000000100000000)
  to   space 44544K, 0% used [0x00000000fa900000,0x00000000fa900000,0x00000000fd480000)
 ParOldGen       total 524288K, used 71654K [0x00000000d0000000, 0x00000000f0000000, 0x00000000f0000000)
  object space 524288K, 13% used [0x00000000d0000000,0x00000000d45f9ac8,0x00000000f0000000)
 Metaspace       used 72180K, capacity 74614K, committed 74840K, reserved 1114112K
  class space    used 9309K, capacity 10203K, committed 10328K, reserved 1048576K
Event: 23.620 GC heap after
Heap after GC invocations=28 (full 3):
 PSYoungGen      total 215040K, used 41562K [0x00000000f0000000, 0x0000000100000000, 0x0000000100000000)
  eden space 173056K, 0% used [0x00000000f0000000,0x00000000f0000000,0x00000000fa900000)
  from space 41984K, 98% used [0x00000000fa900000,0x00000000fd196b88,0x00000000fd200000)
  to   space 47104K, 0% used [0x00000000fd200000,0x00000000fd200000,0x0000000100000000)
 ParOldGen       total 524288K, used 71662K [0x00000000d0000000, 0x00000000f0000000, 0x00000000f0000000)
  object space 524288K, 13% used [0x00000000d0000000,0x00000000d45fbac8,0x00000000f0000000)
 Metaspace       used 72180K, capacity 74614K, committed 74840K, reserved 1114112K
  class space    used 9309K, capacity 10203K, committed 10328K, reserved 1048576K
}
Event: 37.808 GC heap before
{Heap before GC invocations=29 (full 3):
 PSYoungGen      total 215040K, used 214618K [0x00000000f0000000, 0x0000000100000000, 0x0000000100000000)
  eden space 173056K, 100% used [0x00000000f0000000,0x00000000fa900000,0x00000000fa900000)
  from space 41984K, 98% used [0x00000000fa900000,0x00000000fd196b88,0x00000000fd200000)
  to   space 47104K, 0% used [0x00000000fd200000,0x00000000fd200000,0x0000000100000000)
 ParOldGen       total 524288K, used 71662K [0x00000000d0000000, 0x00000000f0000000, 0x00000000f0000000)
  object space 524288K, 13% used [0x00000000d0000000,0x00000000d45fbac8,0x00000000f0000000)
 Metaspace       used 72891K, capacity 75880K, committed 76120K, reserved 1114112K
  class space    used 9460K, capacity 10458K, committed 10584K, reserved 1048576K
Event: 37.825 GC heap after
Heap after GC invocations=29 (full 3):
 PSYoungGen      total 200704K, used 43617K [0x00000000f0000000, 0x0000000100000000, 0x0000000100000000)
  eden space 153600K, 0% used [0x00000000f0000000,0x00000000f0000000,0x00000000f9600000)
  from space 47104K, 92% used [0x00000000fd200000,0x00000000ffc98488,0x0000000100000000)
  to   space 54272K, 0% used [0x00000000f9600000,0x00000000f9600000,0x00000000fcb00000)
 ParOldGen       total 524288K, used 71670K [0x00000000d0000000, 0x00000000f0000000, 0x00000000f0000000)
  object space 524288K, 13% used [0x00000000d0000000,0x00000000d45fdac8,0x00000000f0000000)
 Metaspace       used 72891K, capacity 75880K, committed 76120K, reserved 1114112K
  class space    used 9460K, capacity 10458K, committed 10584K, reserved 1048576K
}
Event: 41.323 GC heap before
{Heap before GC invocations=30 (full 3):
 PSYoungGen      total 200704K, used 197217K [0x00000000f0000000, 0x0000000100000000, 0x0000000100000000)
  eden space 153600K, 100% used [0x00000000f0000000,0x00000000f9600000,0x00000000f9600000)
  from space 47104K, 92% used [0x00000000fd200000,0x00000000ffc98488,0x0000000100000000)
  to   space 54272K, 0% used [0x00000000f9600000,0x00000000f9600000,0x00000000fcb00000)
 ParOldGen       total 524288K, used 71670K [0x00000000d0000000, 0x00000000f0000000, 0x00000000f0000000)
  object space 524288K, 13% used [0x00000000d0000000,0x00000000d45fdac8,0x00000000f0000000)
 Metaspace       used 73596K, capacity 76968K, committed 77016K, reserved 1116160K
  class space    used 9617K, capacity 10702K, committed 10712K, reserved 1048576K
Event: 41.353 GC heap after
Heap after GC invocations=30 (full 3):
 PSYoungGen      total 200704K, used 46754K [0x00000000f0000000, 0x0000000100000000, 0x0000000100000000)
  eden space 153600K, 0% used [0x00000000f0000000,0x00000000f0000000,0x00000000f9600000)
  from space 47104K, 99% used [0x00000000f9600000,0x00000000fc3a8b20,0x00000000fc400000)
  to   space 58880K, 0% used [0x00000000fc680000,0x00000000fc680000,0x0000000100000000)
 ParOldGen       total 524288K, used 71678K [0x00000000d0000000, 0x00000000f0000000, 0x00000000f0000000)
  object space 524288K, 13% used [0x00000000d0000000,0x00000000d45ffac8,0x00000000f0000000)
 Metaspace       used 73596K, capacity 76968K, committed 77016K, reserved 1116160K
  class space    used 9617K, capacity 10702K, committed 10712K, reserved 1048576K
}
Event: 158.931 GC heap before
{Heap before GC invocations=31 (full 3):
 PSYoungGen      total 200704K, used 200354K [0x00000000f0000000, 0x0000000100000000, 0x0000000100000000)
  eden space 153600K, 100% used [0x00000000f0000000,0x00000000f9600000,0x00000000f9600000)
  from space 47104K, 99% used [0x00000000f9600000,0x00000000fc3a8b20,0x00000000fc400000)
  to   space 58880K, 0% used [0x00000000fc680000,0x00000000fc680000,0x0000000100000000)
 ParOldGen       total 524288K, used 71678K [0x00000000d0000000, 0x00000000f0000000, 0x00000000f0000000)
  object space 524288K, 13% used [0x00000000d0000000,0x00000000d45ffac8,0x00000000f0000000)
 Metaspace       used 74098K, capacity 77786K, committed 77912K, reserved 1116160K
  class space    used 9715K, capacity 10830K, committed 10840K, reserved 1048576K
Event: 158.963 GC heap after
Heap after GC invocations=31 (full 3):
 PSYoungGen      total 194048K, used 47953K [0x00000000f0000000, 0x0000000100000000, 0x0000000100000000)
  eden space 135168K, 0% used [0x00000000f0000000,0x00000000f0000000,0x00000000f8400000)
  from space 58880K, 81% used [0x00000000fc680000,0x00000000ff5544b8,0x0000000100000000)
  to   space 63488K, 0% used [0x00000000f8400000,0x00000000f8400000,0x00000000fc200000)
 ParOldGen       total 524288K, used 71686K [0x00000000d0000000, 0x00000000f0000000, 0x00000000f0000000)
  object space 524288K, 13% used [0x00000000d0000000,0x00000000d4601ac8,0x00000000f0000000)
 Metaspace       used 74098K, capacity 77786K, committed 77912K, reserved 1116160K
  class space    used 9715K, capacity 10830K, committed 10840K, reserved 1048576K
}
Event: 165.507 GC heap before
{Heap before GC invocations=32 (full 3):
 PSYoungGen      total 194048K, used 183121K [0x00000000f0000000, 0x0000000100000000, 0x0000000100000000)
  eden space 135168K, 100% used [0x00000000f0000000,0x00000000f8400000,0x00000000f8400000)
  from space 58880K, 81% used [0x00000000fc680000,0x00000000ff5544b8,0x0000000100000000)
  to   space 63488K, 0% used [0x00000000f8400000,0x00000000f8400000,0x00000000fc200000)
 ParOldGen       total 524288K, used 71686K [0x00000000d0000000, 0x00000000f0000000, 0x00000000f0000000)
  object space 524288K, 13% used [0x00000000d0000000,0x00000000d4601ac8,0x00000000f0000000)
 Metaspace       used 75536K, capacity 79486K, committed 79704K, reserved 1118208K
  class space    used 9888K, capacity 11055K, committed 11096K, reserved 1048576K
Event: 165.527 GC heap after
Heap after GC invocations=32 (full 3):
 PSYoungGen      total 194048K, used 58668K [0x00000000f0000000, 0x0000000100000000, 0x0000000100000000)
  eden space 135168K, 0% used [0x00000000f0000000,0x00000000f0000000,0x00000000f8400000)
  from space 58880K, 99% used [0x00000000f8400000,0x00000000fbd4b068,0x00000000fbd80000)
  to   space 68096K, 0% used [0x00000000fbd80000,0x00000000fbd80000,0x0000000100000000)
 ParOldGen       total 524288K, used 71694K [0x00000000d0000000, 0x00000000f0000000, 0x00000000f0000000)
  object space 524288K, 13% used [0x00000000d0000000,0x00000000d4603ac8,0x00000000f0000000)
 Metaspace       used 75536K, capacity 79486K, committed 79704K, reserved 1118208K
  class space    used 9888K, capacity 11055K, committed 11096K, reserved 1048576K
}

